[2024-08-22 11:52:02,933] multiqc                                            [DEBUG  ]  This is MultiQC v1.21
[2024-08-22 11:52:02,935] multiqc                                            [DEBUG  ]  Loading config settings from: multiqc_config.yml
[2024-08-22 11:52:02,935] multiqc                                            [DEBUG  ]  New config: {'report_comment': 'This report has been generated by the <a href="https://github.com/nf/rima/tree/dev" target="_blank">nf/rima</a> analysis pipeline.\n', 'report_section_order': {'nf-rima-methods-description': {'order': -1000}, 'software_versions': {'order': -1001}, 'nf-rima-summary': {'order': -1002}}, 'export_plots': True, 'disable_version_detection': True}
[2024-08-22 11:52:02,937] multiqc                                            [DEBUG  ]  Loading config settings from: multiqc_config.yml
[2024-08-22 11:52:02,937] multiqc                                            [DEBUG  ]  New config: {'report_comment': 'This report has been generated by the <a href="https://github.com/nf/rima/tree/dev" target="_blank">nf/rima</a> analysis pipeline.\n', 'report_section_order': {'nf-rima-methods-description': {'order': -1000}, 'software_versions': {'order': -1001}, 'nf-rima-summary': {'order': -1002}}, 'export_plots': True, 'disable_version_detection': True}
[2024-08-22 11:52:02,937] multiqc                                            [DEBUG  ]  Command used: /home/sai/work/conda/multiqc-3c79c19229373363894cae5853672dde/bin/multiqc --force --config multiqc_config.yml .
[2024-08-22 11:52:03,254] multiqc                                            [WARNING]  MultiQC Version v1.24.1 now available!
[2024-08-22 11:52:03,255] multiqc                                            [DEBUG  ]  Latest MultiQC version is v1.24.1, released 2024-08-21
[2024-08-22 11:52:03,255] multiqc                                            [DEBUG  ]  Working dir : /home/sai/work/b0/1ca495b9eee95e367d9b723b0cc68e
[2024-08-22 11:52:03,255] multiqc                                            [DEBUG  ]  Template    : default
[2024-08-22 11:52:03,255] multiqc                                            [DEBUG  ]  Running Python 3.12.5 | packaged by conda-forge | (main, Aug  8 2024, 18:36:51) [GCC 12.4.0]
[2024-08-22 11:52:03,256] multiqc                                            [DEBUG  ]  Analysing modules: custom_content, ccs, ngsderive, purple, conpair, isoseq, lima, peddy, somalier, methylqa, mosdepth, phantompeakqualtools, qualimap, bamdst, preseq, hifiasm, quast, qorts, rna_seqc, rockhopper, rsem, rseqc, busco, bustools, goleft_indexcov, gffcompare, disambiguate, supernova, deeptools, sargasso, verifybamid, mirtrace, happy, mirtop, sambamba, gopeaks, homer, hops, macs2, theta2, snpeff, gatk, htseq, bcftools, featureCounts, fgbio, dragen, dragen_fastqc, dedup, pbmarkdup, damageprofiler, mapdamage, biobambam2, jcvi, mtnucratio, picard, vep, bakta, prokka, qc3C, nanostat, samblaster, samtools, sexdeterrmine, seqera_cli, eigenstratdatabasetools, bamtools, jellyfish, vcftools, longranger, stacks, varscan2, snippy, umitools, truvari, megahit, bbmap, bismark, biscuit, diamond, hicexplorer, hicup, hicpro, salmon, kallisto, slamdunk, star, hisat2, tophat, bowtie2, bowtie1, cellranger, snpsplit, odgi, pangolin, nextclade, freyja, humid, kat, leehom, librarian, nonpareil, adapterRemoval, bbduk, clipandmerge, cutadapt, flexbar, sourmash, kaiju, bracken, kraken, malt, motus, trimmomatic, sickle, skewer, sortmerna, biobloomtools, fastq_screen, afterqc, fastp, fastqc, filtlong, prinseqplusplus, pychopper, porechop, pycoqc, minionqc, anglerfish, multivcfanalyzer, clusterflow, checkqc, bcl2fastq, bclconvert, interop, ivar, flash, seqyclean, optitype, whatshap, spaceranger, xenome, xengsort, metaphlan, seqwho
[2024-08-22 11:52:03,256] multiqc                                            [DEBUG  ]  Using temporary directory for creating report: /tmp/tmps9vcmumr
[2024-08-22 11:52:03,257] multiqc                                            [INFO   ]  Search path : /home/sai/work/b0/1ca495b9eee95e367d9b723b0cc68e
[2024-08-22 11:52:03,383] multiqc                                            [DEBUG  ]  Summary of files that were skipped by the search: [skipped_module_specific_max_filesize: 29] // [skipped_no_match: 8]
[2024-08-22 11:52:03,414] multiqc.modules.custom_content.custom_content      [INFO   ]  nf-rima-summary: Found 1 sample (html)
[2024-08-22 11:52:03,414] multiqc.modules.custom_content.custom_content      [INFO   ]  nf-rima-methods-description: Found 1 sample (html)
[2024-08-22 11:52:03,427] multiqc.utils.util_functions                       [DEBUG  ]  Wrote data file multiqc_samtools_stats.txt
[2024-08-22 11:52:03,493] multiqc.modules.samtools.samtools                  [INFO   ]  Found 5 stats reports
[2024-08-22 11:52:03,503] multiqc.modules.star.star                          [INFO   ]  Found 5 reports
[2024-08-22 11:52:03,503] multiqc.utils.util_functions                       [DEBUG  ]  Wrote data file multiqc_star.txt
[2024-08-22 11:52:03,536] multiqc.modules.fastqc.fastqc                      [INFO   ]  Found 11 reports
[2024-08-22 11:52:03,537] multiqc.utils.util_functions                       [DEBUG  ]  Wrote data file multiqc_fastqc.txt
[2024-08-22 11:52:03,637] multiqc.plots.plotly.heatmap                       [DEBUG  ]  Heatmap size: 450x495, px per element: 45.00x45.00
[2024-08-22 11:52:03,643] multiqc.utils.software_versions                    [DEBUG  ]  Reading software versions from config.software_versions
[2024-08-22 11:52:03,643] multiqc.utils.software_versions                    [DEBUG  ]  Reading software versions settings from: 3/nf_core_pipeline_software_mqc_versions.yml
[2024-08-22 11:52:03,645] multiqc.utils.util_functions                       [DEBUG  ]  Wrote data file multiqc_software_versions.txt
[2024-08-22 11:52:03,645] multiqc                                            [DEBUG  ]  Reordering sections: anchor 'software_versions' not found.
[2024-08-22 11:52:03,645] multiqc                                            [DEBUG  ]  Reordering sections: anchor 'nf-rima-methods-description' not found for module 'Samtools'.
[2024-08-22 11:52:03,645] multiqc                                            [DEBUG  ]  Reordering sections: anchor 'software_versions' not found for module 'Samtools'.
[2024-08-22 11:52:03,645] multiqc                                            [DEBUG  ]  Reordering sections: anchor 'nf-rima-summary' not found for module 'Samtools'.
[2024-08-22 11:52:03,645] multiqc                                            [DEBUG  ]  Reordering sections: anchor 'nf-rima-methods-description' not found for module 'STAR'.
[2024-08-22 11:52:03,645] multiqc                                            [DEBUG  ]  Reordering sections: anchor 'software_versions' not found for module 'STAR'.
[2024-08-22 11:52:03,646] multiqc                                            [DEBUG  ]  Reordering sections: anchor 'nf-rima-summary' not found for module 'STAR'.
[2024-08-22 11:52:03,646] multiqc                                            [DEBUG  ]  Reordering sections: anchor 'nf-rima-methods-description' not found for module 'FastQC'.
[2024-08-22 11:52:03,646] multiqc                                            [DEBUG  ]  Reordering sections: anchor 'software_versions' not found for module 'FastQC'.
[2024-08-22 11:52:03,646] multiqc                                            [DEBUG  ]  Reordering sections: anchor 'nf-rima-summary' not found for module 'FastQC'.
[2024-08-22 11:52:03,646] multiqc                                            [DEBUG  ]  Reordering sections: anchor 'nf-rima-methods-description' not found for module 'Software Versions'.
[2024-08-22 11:52:03,646] multiqc                                            [DEBUG  ]  Reordering sections: anchor 'software_versions' not found for module 'Software Versions'.
[2024-08-22 11:52:03,646] multiqc                                            [DEBUG  ]  Reordering sections: anchor 'nf-rima-summary' not found for module 'Software Versions'.
[2024-08-22 11:52:03,646] multiqc                                            [DEBUG  ]  Reordering sections: anchor 'nf-rima-methods-description' not found for module 'nf/rima Methods Description'.
[2024-08-22 11:52:03,646] multiqc                                            [DEBUG  ]  Reordering sections: anchor 'software_versions' not found for module 'nf/rima Methods Description'.
[2024-08-22 11:52:03,646] multiqc                                            [DEBUG  ]  Reordering sections: anchor 'nf-rima-summary' not found for module 'nf/rima Methods Description'.
[2024-08-22 11:52:03,646] multiqc                                            [DEBUG  ]  Reordering sections: anchor 'nf-rima-methods-description' not found for module 'nf/rima Workflow Summary'.
[2024-08-22 11:52:03,646] multiqc                                            [DEBUG  ]  Reordering sections: anchor 'software_versions' not found for module 'nf/rima Workflow Summary'.
[2024-08-22 11:52:03,646] multiqc                                            [DEBUG  ]  Reordering sections: anchor 'nf-rima-summary' not found for module 'nf/rima Workflow Summary'.
[2024-08-22 11:52:03,679] multiqc.utils.util_functions                       [DEBUG  ]  Wrote data file multiqc_general_stats.txt
[2024-08-22 11:52:03,679] multiqc                                            [DEBUG  ]  Compressing plot data
[2024-08-22 11:52:03,863] multiqc.utils.util_functions                       [DEBUG  ]  Wrote data file multiqc_data.json
[2024-08-22 11:52:03,863] multiqc                                            [INFO   ]  Report      : multiqc_report.html
[2024-08-22 11:52:03,863] multiqc                                            [INFO   ]  Data        : multiqc_data
[2024-08-22 11:52:03,864] multiqc                                            [DEBUG  ]  Moving data file from '/tmp/tmps9vcmumr/multiqc_data' to '/home/sai/work/b0/1ca495b9eee95e367d9b723b0cc68e/multiqc_data'
[2024-08-22 11:52:03,867] multiqc                                            [DEBUG  ]  Full report path: /home/sai/work/b0/1ca495b9eee95e367d9b723b0cc68e/multiqc_report.html
[2024-08-22 11:52:03,867] multiqc                                            [INFO   ]  Plots       : multiqc_plots
[2024-08-22 11:52:03,867] multiqc                                            [DEBUG  ]  Moving plots directory from '/tmp/tmps9vcmumr/multiqc_plots' to '/home/sai/work/b0/1ca495b9eee95e367d9b723b0cc68e/multiqc_plots'
[2024-08-22 11:52:04,051] multiqc                                            [INFO   ]  MultiQC complete
