STAR version=2.7.10a
STAR compilation time,server,dir=2022-01-14T18:50:00-05:00 :/home/dobin/data/STAR/STARcode/STAR.master/source
STAR git: On branch master ; commit ae26add7ea1724f3281ec8abedb71bcff6a4ae73 ; diff files: CHANGES.md README.md RELEASEnotes.md doc/STARmanual.pdf extras/doc-latex/STARmanual.tex extras/doc-latex/convertParDefToLatexTable.awk extras/doc-latex/parametersDefault.tex extras/docker/Dockerfile source/VERSION 
##### Command Line:
STAR --runMode genomeGenerate --genomeDir star/ --genomeFastaFiles genome.fasta --sjdbGTFfile genes_with_empty_tid.gtf --runThreadN 2 --genomeSAindexNbases 8 --limitGenomeGenerateRAM 6342450944
##### Initial USER parameters from Command Line:
###### All USER parameters from Command Line:
runMode                       genomeGenerate        ~RE-DEFINED
genomeDir                     star/     ~RE-DEFINED
genomeFastaFiles              genome.fasta        ~RE-DEFINED
sjdbGTFfile                   genes_with_empty_tid.gtf     ~RE-DEFINED
runThreadN                    2     ~RE-DEFINED
genomeSAindexNbases           8     ~RE-DEFINED
limitGenomeGenerateRAM        6342450944     ~RE-DEFINED
##### Finished reading parameters from all sources

##### Final user re-defined parameters-----------------:
runMode                           genomeGenerate   
runThreadN                        2
genomeDir                         star/
genomeFastaFiles                  genome.fasta   
genomeSAindexNbases               8
limitGenomeGenerateRAM            6342450944
sjdbGTFfile                       genes_with_empty_tid.gtf

-------------------------------
##### Final effective command line:
STAR   --runMode genomeGenerate      --runThreadN 2   --genomeDir star/   --genomeFastaFiles genome.fasta      --genomeSAindexNbases 8   --limitGenomeGenerateRAM 6342450944   --sjdbGTFfile genes_with_empty_tid.gtf
----------------------------------------

Number of fastq files for each mate = 1
ParametersSolo: --soloCellFilterType CellRanger2.2 filtering parameters:  3000 0.99 10
Finished loading and checking parameters
--genomeDir directory exists and will be overwritten: star/
Aug 22 11:42:33 ... starting to generate Genome files
genome.fasta : chr # 0  "I" chrStart: 0
Chromosome sequence lengths: 
I	230218
Genome sequence total length = 230218
Genome size with padding = 262144
Aug 22 11:42:33 ..... processing annotations GTF
Processing pGe.sjdbGTFfile=genes_with_empty_tid.gtf, found:
		124 transcripts
		129 exons (non-collapsed)
		5 collapsed junctions
Total junctions: 5
Aug 22 11:42:33 ..... finished GTF processing

!!!!! WARNING: --genomeSAindexNbases 8 is too large for the genome size=230218, which may cause seg-fault at the mapping step. Re-run genome generation with recommended --genomeSAindexNbases 7
Estimated genome size with padding and SJs: total=genome+SJ=201262144 = 262144 + 201000000
GstrandBit=32
Number of SA indices: 460436
Aug 22 11:42:33 ... starting to sort Suffix Array. This may take a long time...
Number of chunks: 1;   chunks size limit: 3683488 bytes
Aug 22 11:42:33 ... sorting Suffix Array chunks and saving them to disk...
Writing 3683488 bytes into star//SA_0 ; empty space on disk = 600480161792 bytes ... done
Aug 22 11:42:33 ... loading chunks from disk, packing SA...
Aug 22 11:42:33 ... finished generating suffix array
Aug 22 11:42:33 ... generating Suffix Array index
Aug 22 11:42:33 ... completed Suffix Array index
Aug 22 11:42:33   Finished preparing junctions
Aug 22 11:42:33 ..... inserting junctions into the genome indices
Aug 22 11:42:33   Finished SA search: number of new junctions=5, old junctions=0
Aug 22 11:42:33   Finished sorting SA indicesL nInd=2000
Genome size with junctions=263149  262144   1005
GstrandBit1=32   GstrandBit=32
Aug 22 11:42:33   Finished inserting junction indices
Aug 22 11:42:33   Finished SAi
Aug 22 11:42:33 ..... finished inserting junctions into genome
Aug 22 11:42:33 ... writing Genome to disk ...
Writing 263149 bytes into star//Genome ; empty space on disk = 600480149504 bytes ... done
SA size in bytes: 1907552
Aug 22 11:42:33 ... writing Suffix Array to disk ...
Writing 1907552 bytes into star//SA ; empty space on disk = 600479879168 bytes ... done
Aug 22 11:42:33 ... writing SAindex to disk
Writing 8 bytes into star//SAindex ; empty space on disk = 600477970432 bytes ... done
Writing 72 bytes into star//SAindex ; empty space on disk = 600477970432 bytes ... done
Writing 382291 bytes into star//SAindex ; empty space on disk = 600477970432 bytes ... done
Aug 22 11:42:33 ..... finished successfully
DONE: Genome generation, EXITING
