STAR version=2.7.10a
STAR compilation time,server,dir=2022-01-14T18:50:00-05:00 :/home/dobin/data/STAR/STARcode/STAR.master/source
STAR git: On branch master ; commit ae26add7ea1724f3281ec8abedb71bcff6a4ae73 ; diff files: CHANGES.md README.md RELEASEnotes.md doc/STARmanual.pdf extras/doc-latex/STARmanual.tex extras/doc-latex/convertParDefToLatexTable.awk extras/doc-latex/parametersDefault.tex extras/docker/Dockerfile source/VERSION 
##### Command Line:
STAR --genomeDir star --readFilesIn input1/SRR6357073_1.fastq.gz --runThreadN 2 --outFileNamePrefix RAP1_UNINDUCED_REP1. --outSAMtype BAM Unsorted --sjdbGTFfile genes_with_empty_tid.gtf --outSAMattrRGline ID:RAP1_UNINDUCED_REP1 SM:RAP1_UNINDUCED_REP1 --readFilesCommand zcat --outReadsUnmapped None --chimSegmentMin 12 --chimJunctionOverhangMin 12 --chimOutJunctionFormat 1 --alignSJDBoverhangMin 10 --alignMatesGapMax 1000000 --alignIntronMax 1000000 --alignSJstitchMismatchNmax 5 -1 5 5 --outSAMstrandField intronMotif --outSAMunmapped Within --chimMultimapScoreRange 10 --chimMultimapNmax 10 --chimNonchimScoreDropMin 10 --peOverlapNbasesMin 12 --peOverlapMMp 0.1 --genomeLoad NoSharedMemory --outSAMheaderHD @HD VN:1.4 --twopassMode Basic --quantMode TranscriptomeSAM
##### Initial USER parameters from Command Line:
outFileNamePrefix                 RAP1_UNINDUCED_REP1.
###### All USER parameters from Command Line:
genomeDir                     star     ~RE-DEFINED
readFilesIn                   input1/SRR6357073_1.fastq.gz        ~RE-DEFINED
runThreadN                    2     ~RE-DEFINED
outFileNamePrefix             RAP1_UNINDUCED_REP1.     ~RE-DEFINED
outSAMtype                    BAM   Unsorted        ~RE-DEFINED
sjdbGTFfile                   genes_with_empty_tid.gtf     ~RE-DEFINED
outSAMattrRGline              ID:RAP1_UNINDUCED_REP1   SM:RAP1_UNINDUCED_REP1        ~RE-DEFINED
readFilesCommand              zcat        ~RE-DEFINED
outReadsUnmapped              None     ~RE-DEFINED
chimSegmentMin                12     ~RE-DEFINED
chimJunctionOverhangMin       12     ~RE-DEFINED
chimOutJunctionFormat         1        ~RE-DEFINED
alignSJDBoverhangMin          10     ~RE-DEFINED
alignMatesGapMax              1000000     ~RE-DEFINED
alignIntronMax                1000000     ~RE-DEFINED
alignSJstitchMismatchNmax     5   -1   5   5        ~RE-DEFINED
outSAMstrandField             intronMotif     ~RE-DEFINED
outSAMunmapped                Within        ~RE-DEFINED
chimMultimapScoreRange        10     ~RE-DEFINED
chimMultimapNmax              10     ~RE-DEFINED
chimNonchimScoreDropMin       10     ~RE-DEFINED
peOverlapNbasesMin            12     ~RE-DEFINED
peOverlapMMp                  0.1     ~RE-DEFINED
genomeLoad                    NoSharedMemory     ~RE-DEFINED
outSAMheaderHD                @HD   VN:1.4        ~RE-DEFINED
twopassMode                   Basic     ~RE-DEFINED
quantMode                     TranscriptomeSAM        ~RE-DEFINED
##### Finished reading parameters from all sources

##### Final user re-defined parameters-----------------:
runThreadN                        2
genomeDir                         star
genomeLoad                        NoSharedMemory
readFilesIn                       input1/SRR6357073_1.fastq.gz   
readFilesCommand                  zcat   
outFileNamePrefix                 RAP1_UNINDUCED_REP1.
outReadsUnmapped                  None
outSAMtype                        BAM   Unsorted   
outSAMstrandField                 intronMotif
outSAMunmapped                    Within   
outSAMattrRGline                  ID:RAP1_UNINDUCED_REP1   SM:RAP1_UNINDUCED_REP1   
outSAMheaderHD                    @HD   VN:1.4   
alignIntronMax                    1000000
alignMatesGapMax                  1000000
alignSJDBoverhangMin              10
alignSJstitchMismatchNmax         5   -1   5   5   
peOverlapNbasesMin                12
peOverlapMMp                      0.1
chimSegmentMin                    12
chimJunctionOverhangMin           12
chimMultimapNmax                  10
chimMultimapScoreRange            10
chimNonchimScoreDropMin           10
chimOutJunctionFormat             1   
sjdbGTFfile                       genes_with_empty_tid.gtf
quantMode                         TranscriptomeSAM   
twopassMode                       Basic

-------------------------------
##### Final effective command line:
STAR   --runThreadN 2   --genomeDir star   --genomeLoad NoSharedMemory   --readFilesIn input1/SRR6357073_1.fastq.gz      --readFilesCommand zcat      --outFileNamePrefix RAP1_UNINDUCED_REP1.   --outReadsUnmapped None   --outSAMtype BAM   Unsorted      --outSAMstrandField intronMotif   --outSAMunmapped Within      --outSAMattrRGline ID:RAP1_UNINDUCED_REP1   SM:RAP1_UNINDUCED_REP1      --outSAMheaderHD @HD   VN:1.4      --alignIntronMax 1000000   --alignMatesGapMax 1000000   --alignSJDBoverhangMin 10   --alignSJstitchMismatchNmax 5   -1   5   5      --peOverlapNbasesMin 12   --peOverlapMMp 0.1   --chimSegmentMin 12   --chimJunctionOverhangMin 12   --chimMultimapNmax 10   --chimMultimapScoreRange 10   --chimNonchimScoreDropMin 10   --chimOutJunctionFormat 1      --sjdbGTFfile genes_with_empty_tid.gtf   --quantMode TranscriptomeSAM      --twopassMode Basic
----------------------------------------

Number of fastq files for each mate = 1

   Input read files for mate 1 :
-rw-rw-r-- 1 sai sai 2253497 Aug 22 11:42 input1/SRR6357073_1.fastq.gz

   readsCommandsFile:
exec > "RAP1_UNINDUCED_REP1._STARtmp/tmp.fifo.read1"
echo FILE 0
zcat      "input1/SRR6357073_1.fastq.gz"

WARNING --outSAMattrRG defines a read group, therefore STAR will output RG attribute
WARNING --outSAMstrandField=intronMotif, therefore STAR will output XS attribute
ParametersSolo: --soloCellFilterType CellRanger2.2 filtering parameters:  3000 0.99 10
Finished loading and checking parameters
Reading genome generation parameters:
### STAR   --runMode genomeGenerate      --runThreadN 2   --genomeDir star/   --genomeFastaFiles genome.fasta      --genomeSAindexNbases 8   --limitGenomeGenerateRAM 6342450944   --sjdbGTFfile genes_with_empty_tid.gtf
### GstrandBit=32
versionGenome                 2.7.4a     ~RE-DEFINED
genomeType                    Full     ~RE-DEFINED
genomeFastaFiles              genome.fasta        ~RE-DEFINED
genomeSAindexNbases           8     ~RE-DEFINED
genomeChrBinNbits             18     ~RE-DEFINED
genomeSAsparseD               1     ~RE-DEFINED
genomeTransformType           None     ~RE-DEFINED
genomeTransformVCF            -     ~RE-DEFINED
sjdbOverhang                  100     ~RE-DEFINED
sjdbFileChrStartEnd           -        ~RE-DEFINED
sjdbGTFfile                   genes_with_empty_tid.gtf     ~RE-DEFINED
sjdbGTFchrPrefix              -     ~RE-DEFINED
sjdbGTFfeatureExon            exon     ~RE-DEFINED
sjdbGTFtagExonParentTranscripttranscript_id     ~RE-DEFINED
sjdbGTFtagExonParentGene      gene_id     ~RE-DEFINED
sjdbInsertSave                Basic     ~RE-DEFINED
genomeFileSizes               263149   1907552        ~RE-DEFINED
Genome version is compatible with current STAR
Number of real (reference) chromosomes= 1
1	I	230218	0
--sjdbOverhang = 100 taken from the generated genome
Started loading the genome: Thu Aug 22 11:42:35 2024

Genome: size given as a parameter = 263149
SA: size given as a parameter = 1907552
SAindex: size given as a parameter = 1
Read from SAindex: pGe.gSAindexNbases=8  nSAi=87380
nGenome=263149;  nSAbyte=1907552
GstrandBit=32   SA number of indices=462436
Shared memory is not used for genomes. Allocated a private copy of the genome.
Genome file size: 263149 bytes; state: good=1 eof=0 fail=0 bad=0
Loading Genome ... done! state: good=1 eof=0 fail=0 bad=0; loaded 263149 bytes
SA file size: 1907552 bytes; state: good=1 eof=0 fail=0 bad=0
Loading SA ... done! state: good=1 eof=0 fail=0 bad=0; loaded 1907552 bytes
Loading SAindex ... done: 382371 bytes
Finished loading the genome: Thu Aug 22 11:42:35 2024

Processing splice junctions database sjdbN=5,   pGe.sjdbOverhang=100 
To accommodate alignIntronMax=1000000 redefined winBinNbits=18
To accommodate alignIntronMax=1000000 and alignMatesGapMax=1000000, redefined winFlankNbins=4 and winAnchorDistNbins=8
Aug 22 11:42:35   Loaded database junctions from the generated genome star//sjdbList.out.tab: 5 total junctions

Aug 22 11:42:35 ..... processing annotations GTF
Processing pGe.sjdbGTFfile=genes_with_empty_tid.gtf, found:
		124 transcripts
		129 exons (non-collapsed)
		5 collapsed junctions
Total junctions: 10
Aug 22 11:42:35 ..... finished GTF processing

Aug 22 11:42:35   Finished preparing junctions
Aug 22 11:42:35 ..... inserting junctions into the genome indices
Aug 22 11:42:35   Finished SA search: number of new junctions=0, old junctions=5
Aug 22 11:42:35   Finished sorting SA indicesL nInd=0
Genome size with junctions=263149  262144   1005
GstrandBit1=32   GstrandBit=32
Aug 22 11:42:35   Finished inserting junction indices
Aug 22 11:42:35   Finished SAi
Aug 22 11:42:35 ..... finished inserting junctions into genome
Created thread # 1
Starting to map file # 0
mate 1:   input1/SRR6357073_1.fastq.gz
Thread #0 end of input stream, nextChar=-1
Completed: thread #1
Completed: thread #0
Joined thread # 1
Aug 22 11:43:00   Loaded database junctions from the 1st pass file: RAP1_UNINDUCED_REP1._STARpass1//SJ.out.tab: 144 total junctions

Aug 22 11:43:00   Finished preparing junctions
Aug 22 11:43:00 ..... inserting junctions into the genome indices
Aug 22 11:43:00   Finished SA search: number of new junctions=132, old junctions=5
Aug 22 11:43:00   Finished sorting SA indicesL nInd=52800
Genome size with junctions=289681  262144   27537
GstrandBit1=32   GstrandBit=32
Aug 22 11:43:00   Finished inserting junction indices
Aug 22 11:43:00   Finished SAi
Aug 22 11:43:00 ..... finished inserting junctions into genome

   Input read files for mate 1 :
-rw-rw-r-- 1 sai sai 2253497 Aug 22 11:42 input1/SRR6357073_1.fastq.gz

   readsCommandsFile:
exec > "RAP1_UNINDUCED_REP1._STARtmp/tmp.fifo.read1"
echo FILE 0
zcat      "input1/SRR6357073_1.fastq.gz"

Loaded transcript database, nTr=124
Loaded exon database, nEx=129
Opening the file: RAP1_UNINDUCED_REP1._STARtmp//Chimeric.out.junction.thread0 ... ok
Opening the file: RAP1_UNINDUCED_REP1._STARtmp//Chimeric.out.junction.thread1 ... ok
Created thread # 1
Starting to map file # 0
mate 1:   input1/SRR6357073_1.fastq.gz
Thread #1 end of input stream, nextChar=-1
Completed: thread #0
Completed: thread #1
Joined thread # 1
ALL DONE!
