                                 Started job on |	Aug 22 11:42:35
                             Started mapping on |	Aug 22 11:43:20
                                    Finished on |	Aug 22 11:44:09
       Mapping speed, Million of reads per hour |	7.35

                          Number of input reads |	100000
                      Average input read length |	101
                                    UNIQUE READS:
                   Uniquely mapped reads number |	92394
                        Uniquely mapped reads % |	92.39%
                          Average mapped length |	99.90
                       Number of splices: Total |	1558
            Number of splices: Annotated (sjdb) |	721
                       Number of splices: GT/AG |	1351
                       Number of splices: GC/AG |	33
                       Number of splices: AT/AC |	5
               Number of splices: Non-canonical |	169
                      Mismatch rate per base, % |	1.15%
                         Deletion rate per base |	0.02%
                        Deletion average length |	1.31
                        Insertion rate per base |	0.00%
                       Insertion average length |	1.21
                             MULTI-MAPPING READS:
        Number of reads mapped to multiple loci |	2812
             % of reads mapped to multiple loci |	2.81%
        Number of reads mapped to too many loci |	2
             % of reads mapped to too many loci |	0.00%
                                  UNMAPPED READS:
  Number of reads unmapped: too many mismatches |	0
       % of reads unmapped: too many mismatches |	0.00%
            Number of reads unmapped: too short |	4116
                 % of reads unmapped: too short |	4.12%
                Number of reads unmapped: other |	676
                     % of reads unmapped: other |	0.68%
                                  CHIMERIC READS:
                       Number of chimeric reads |	513
                            % of chimeric reads |	0.51%
