                                 Started job on |	Aug 22 11:42:35
                             Started mapping on |	Aug 22 11:43:00
                                    Finished on |	Aug 22 11:43:26
       Mapping speed, Million of reads per hour |	6.92

                          Number of input reads |	50000
                      Average input read length |	101
                                    UNIQUE READS:
                   Uniquely mapped reads number |	45921
                        Uniquely mapped reads % |	91.84%
                          Average mapped length |	99.84
                       Number of splices: Total |	779
            Number of splices: Annotated (sjdb) |	310
                       Number of splices: GT/AG |	674
                       Number of splices: GC/AG |	12
                       Number of splices: AT/AC |	1
               Number of splices: Non-canonical |	92
                      Mismatch rate per base, % |	1.14%
                         Deletion rate per base |	0.02%
                        Deletion average length |	1.24
                        Insertion rate per base |	0.00%
                       Insertion average length |	1.22
                             MULTI-MAPPING READS:
        Number of reads mapped to multiple loci |	1406
             % of reads mapped to multiple loci |	2.81%
        Number of reads mapped to too many loci |	6
             % of reads mapped to too many loci |	0.01%
                                  UNMAPPED READS:
  Number of reads unmapped: too many mismatches |	0
       % of reads unmapped: too many mismatches |	0.00%
            Number of reads unmapped: too short |	2167
                 % of reads unmapped: too short |	4.33%
                Number of reads unmapped: other |	500
                     % of reads unmapped: other |	1.00%
                                  CHIMERIC READS:
                       Number of chimeric reads |	281
                            % of chimeric reads |	0.56%
