                                 Started job on |	Aug 22 11:42:35
                             Started mapping on |	Aug 22 11:45:46
                                    Finished on |	Aug 22 11:49:18
       Mapping speed, Million of reads per hour |	0.85

                          Number of input reads |	50000
                      Average input read length |	202
                                    UNIQUE READS:
                   Uniquely mapped reads number |	42280
                        Uniquely mapped reads % |	84.56%
                          Average mapped length |	199.71
                       Number of splices: Total |	1276
            Number of splices: Annotated (sjdb) |	622
                       Number of splices: GT/AG |	971
                       Number of splices: GC/AG |	38
                       Number of splices: AT/AC |	5
               Number of splices: Non-canonical |	262
                      Mismatch rate per base, % |	0.78%
                         Deletion rate per base |	0.01%
                        Deletion average length |	1.04
                        Insertion rate per base |	0.00%
                       Insertion average length |	1.14
                             MULTI-MAPPING READS:
        Number of reads mapped to multiple loci |	1441
             % of reads mapped to multiple loci |	2.88%
        Number of reads mapped to too many loci |	32
             % of reads mapped to too many loci |	0.06%
                                  UNMAPPED READS:
  Number of reads unmapped: too many mismatches |	2284
       % of reads unmapped: too many mismatches |	4.57%
            Number of reads unmapped: too short |	2074
                 % of reads unmapped: too short |	4.15%
                Number of reads unmapped: other |	1889
                     % of reads unmapped: other |	3.78%
                                  CHIMERIC READS:
                       Number of chimeric reads |	115
                            % of chimeric reads |	0.23%
